<?xml version="1.0" ?>
<coverage version="7.11.0" timestamp="1761470439656" lines-valid="1317" lines-covered="1108" line-rate="0.8413" branches-valid="432" branches-covered="291" branch-rate="0.6736" complexity="0">
	<!-- Generated by coverage.py: https://coverage.readthedocs.io/en/7.11.0 -->
	<!-- Based on https://raw.githubusercontent.com/cobertura/web/master/htdocs/xml/coverage-04.dtd -->
	<sources>
		<source>/opt/data/www/yfb/packages/symphra-container/src/symphra_container</source>
	</sources>
	<packages>
		<package name="." line-rate="0.8413" branch-rate="0.6736" complexity="0">
			<classes>
				<class name="__init__.py" filename="__init__.py" complexity="0" line-rate="1" branch-rate="1">
					<methods/>
					<lines>
						<line number="34" hits="1"/>
						<line number="35" hits="1"/>
						<line number="36" hits="1"/>
						<line number="47" hits="1"/>
						<line number="60" hits="1"/>
						<line number="61" hits="1"/>
						<line number="62" hits="1"/>
						<line number="63" hits="1"/>
						<line number="68" hits="1"/>
						<line number="76" hits="1"/>
						<line number="86" hits="1"/>
						<line number="88" hits="1"/>
						<line number="89" hits="1"/>
						<line number="90" hits="1"/>
						<line number="92" hits="1"/>
					</lines>
				</class>
				<class name="circular.py" filename="circular.py" complexity="0" line-rate="0.9467" branch-rate="1">
					<methods/>
					<lines>
						<line number="10" hits="1"/>
						<line number="12" hits="1"/>
						<line number="13" hits="1"/>
						<line number="18" hits="1"/>
						<line number="21" hits="1"/>
						<line number="32" hits="1"/>
						<line number="38" hits="1"/>
						<line number="39" hits="1"/>
						<line number="40" hits="1"/>
						<line number="43" hits="1"/>
						<line number="53" hits="1" branch="true" condition-coverage="100% (2/2)"/>
						<line number="54" hits="1"/>
						<line number="57" hits="1" branch="true" condition-coverage="100% (2/2)"/>
						<line number="58" hits="1"/>
						<line number="60" hits="1"/>
						<line number="61" hits="1"/>
						<line number="63" hits="1"/>
						<line number="65" hits="1" branch="true" condition-coverage="100% (2/2)"/>
						<line number="66" hits="1"/>
						<line number="68" hits="1"/>
						<line number="70" hits="1"/>
						<line number="71" hits="1"/>
						<line number="73" hits="1"/>
						<line number="75" hits="1"/>
						<line number="77" hits="1"/>
						<line number="78" hits="1"/>
						<line number="80" hits="1"/>
						<line number="82" hits="1"/>
						<line number="83" hits="1"/>
						<line number="85" hits="1"/>
						<line number="88" hits="1"/>
						<line number="90" hits="1"/>
						<line number="92" hits="1"/>
						<line number="94" hits="1"/>
						<line number="97" hits="1"/>
						<line number="107" hits="1"/>
						<line number="108" hits="0"/>
						<line number="118" hits="1"/>
						<line number="150" hits="1"/>
						<line number="151" hits="1"/>
						<line number="152" hits="1"/>
						<line number="153" hits="1"/>
						<line number="155" hits="1"/>
						<line number="156" hits="1"/>
						<line number="162" hits="0"/>
						<line number="164" hits="1"/>
						<line number="166" hits="1" branch="true" condition-coverage="100% (2/2)"/>
						<line number="167" hits="1"/>
						<line number="168" hits="1"/>
						<line number="170" hits="1"/>
						<line number="172" hits="1"/>
						<line number="174" hits="1"/>
						<line number="176" hits="1"/>
						<line number="177" hits="1"/>
						<line number="179" hits="1"/>
						<line number="180" hits="1" branch="true" condition-coverage="100% (2/2)"/>
						<line number="181" hits="1"/>
						<line number="182" hits="1"/>
						<line number="183" hits="1"/>
						<line number="184" hits="1"/>
						<line number="190" hits="1"/>
						<line number="192" hits="1"/>
						<line number="194" hits="1"/>
						<line number="196" hits="1"/>
						<line number="197" hits="1"/>
						<line number="199" hits="1"/>
						<line number="201" hits="0"/>
						<line number="202" hits="0"/>
						<line number="204" hits="1"/>
						<line number="206" hits="1"/>
						<line number="207" hits="1"/>
						<line number="209" hits="1"/>
						<line number="211" hits="1"/>
						<line number="212" hits="1"/>
						<line number="216" hits="1"/>
					</lines>
				</class>
				<class name="container.py" filename="container.py" complexity="0" line-rate="0.7456" branch-rate="0.5531">
					<methods/>
					<lines>
						<line number="16" hits="1"/>
						<line number="18" hits="1"/>
						<line number="19" hits="1"/>
						<line number="20" hits="1"/>
						<line number="21" hits="1"/>
						<line number="22" hits="1"/>
						<line number="23" hits="1"/>
						<line number="24" hits="1"/>
						<line number="34" hits="1"/>
						<line number="35" hits="1"/>
						<line number="36" hits="1"/>
						<line number="44" hits="1"/>
						<line number="45" hits="1"/>
						<line number="46" hits="1"/>
						<line number="47" hits="1"/>
						<line number="48" hits="1"/>
						<line number="53" hits="1"/>
						<line number="54" hits="1"/>
						<line number="57" hits="1"/>
						<line number="71" hits="1"/>
						<line number="88" hits="1"/>
						<line number="89" hits="1"/>
						<line number="90" hits="1"/>
						<line number="91" hits="1"/>
						<line number="92" hits="1"/>
						<line number="94" hits="1"/>
						<line number="96" hits="1"/>
						<line number="97" hits="1"/>
						<line number="103" hits="0"/>
						<line number="115" hits="1"/>
						<line number="135" hits="1"/>
						<line number="152" hits="1" branch="true" condition-coverage="100% (2/2)"/>
						<line number="153" hits="1"/>
						<line number="154" hits="1"/>
						<line number="158" hits="1"/>
						<line number="159" hits="1"/>
						<line number="160" hits="1"/>
						<line number="165" hits="1"/>
						<line number="166" hits="1"/>
						<line number="167" hits="1"/>
						<line number="168" hits="1"/>
						<line number="169" hits="1"/>
						<line number="171" hits="1"/>
						<line number="175" hits="1"/>
						<line number="206" hits="1"/>
						<line number="207" hits="1"/>
						<line number="208" hits="1" branch="true" condition-coverage="100% (2/2)"/>
						<line number="210" hits="1"/>
						<line number="212" hits="1"/>
						<line number="214" hits="1"/>
						<line number="216" hits="1"/>
						<line number="219" hits="1" branch="true" condition-coverage="100% (2/2)"/>
						<line number="220" hits="1"/>
						<line number="225" hits="1"/>
						<line number="232" hits="1"/>
						<line number="234" hits="1"/>
						<line number="236" hits="1"/>
						<line number="263" hits="1" branch="true" condition-coverage="50% (1/2)" missing-branches="264"/>
						<line number="264" hits="0"/>
						<line number="270" hits="1"/>
						<line number="271" hits="0"/>
						<line number="273" hits="1"/>
						<line number="280" hits="1"/>
						<line number="283" hits="1"/>
						<line number="285" hits="1"/>
						<line number="287" hits="1"/>
						<line number="324" hits="1" branch="true" condition-coverage="100% (2/2)"/>
						<line number="325" hits="1"/>
						<line number="330" hits="1"/>
						<line number="332" hits="1"/>
						<line number="339" hits="1"/>
						<line number="341" hits="1"/>
						<line number="343" hits="1"/>
						<line number="368" hits="1"/>
						<line number="378" hits="1"/>
						<line number="395" hits="1" branch="true" condition-coverage="100% (2/2)"/>
						<line number="397" hits="1"/>
						<line number="398" hits="1" branch="true" condition-coverage="100% (2/2)"/>
						<line number="399" hits="1"/>
						<line number="401" hits="1" branch="true" condition-coverage="100% (2/2)"/>
						<line number="402" hits="1" branch="true" condition-coverage="100% (2/2)"/>
						<line number="403" hits="1"/>
						<line number="404" hits="1" branch="true" condition-coverage="50% (1/2)" missing-branches="409"/>
						<line number="405" hits="1"/>
						<line number="406" hits="1" branch="true" condition-coverage="100% (2/2)"/>
						<line number="407" hits="1"/>
						<line number="409" hits="1"/>
						<line number="411" hits="1"/>
						<line number="425" hits="1" branch="true" condition-coverage="100% (2/2)"/>
						<line number="427" hits="1"/>
						<line number="428" hits="1" branch="true" condition-coverage="100% (2/2)"/>
						<line number="429" hits="1"/>
						<line number="431" hits="1"/>
						<line number="433" hits="1" branch="true" condition-coverage="100% (2/2)"/>
						<line number="434" hits="1"/>
						<line number="435" hits="1" branch="true" condition-coverage="50% (1/2)" missing-branches="440"/>
						<line number="436" hits="1"/>
						<line number="437" hits="1" branch="true" condition-coverage="50% (1/2)" missing-branches="438"/>
						<line number="438" hits="0"/>
						<line number="440" hits="1"/>
						<line number="442" hits="1"/>
						<line number="452" hits="1" branch="true" condition-coverage="50% (1/2)" missing-branches="453"/>
						<line number="453" hits="0" branch="true" condition-coverage="0% (0/2)" missing-branches="452,454"/>
						<line number="454" hits="0"/>
						<line number="456" hits="1"/>
						<line number="466" hits="1"/>
						<line number="467" hits="1" branch="true" condition-coverage="50% (1/2)" missing-branches="468"/>
						<line number="468" hits="0"/>
						<line number="469" hits="0" branch="true" condition-coverage="0% (0/2)" missing-branches="467,470"/>
						<line number="470" hits="0"/>
						<line number="471" hits="1"/>
						<line number="473" hits="1"/>
						<line number="480" hits="0" branch="true" condition-coverage="0% (0/2)" missing-branches="exit,481"/>
						<line number="481" hits="0"/>
						<line number="483" hits="1"/>
						<line number="484" hits="1" branch="true" condition-coverage="50% (1/2)" missing-branches="exit"/>
						<line number="486" hits="1"/>
						<line number="487" hits="1" branch="true" condition-coverage="50% (1/2)" missing-branches="exit"/>
						<line number="489" hits="1"/>
						<line number="522" hits="1" branch="true" condition-coverage="100% (2/2)"/>
						<line number="523" hits="1"/>
						<line number="526" hits="1"/>
						<line number="527" hits="1" branch="true" condition-coverage="50% (1/2)" missing-branches="528"/>
						<line number="528" hits="0"/>
						<line number="529" hits="0" branch="true" condition-coverage="0% (0/2)" missing-branches="530,533"/>
						<line number="530" hits="0"/>
						<line number="531" hits="0"/>
						<line number="533" hits="0"/>
						<line number="534" hits="1" branch="true" condition-coverage="100% (2/2)"/>
						<line number="535" hits="1"/>
						<line number="536" hits="1"/>
						<line number="538" hits="1"/>
						<line number="541" hits="1" branch="true" condition-coverage="100% (2/2)"/>
						<line number="542" hits="1"/>
						<line number="548" hits="1"/>
						<line number="551" hits="1"/>
						<line number="552" hits="1"/>
						<line number="554" hits="1"/>
						<line number="556" hits="1" branch="true" condition-coverage="100% (2/2)"/>
						<line number="557" hits="1"/>
						<line number="560" hits="1"/>
						<line number="563" hits="1"/>
						<line number="564" hits="1" branch="true" condition-coverage="100% (2/2)"/>
						<line number="565" hits="1"/>
						<line number="568" hits="1"/>
						<line number="571" hits="1"/>
						<line number="574" hits="1"/>
						<line number="576" hits="1"/>
						<line number="578" hits="1"/>
						<line number="579" hits="0"/>
						<line number="581" hits="0"/>
						<line number="582" hits="0"/>
						<line number="585" hits="1"/>
						<line number="588" hits="1"/>
						<line number="589" hits="1"/>
						<line number="590" hits="1"/>
						<line number="596" hits="1"/>
						<line number="597" hits="1" branch="true" condition-coverage="50% (1/2)" missing-branches="exit"/>
						<line number="599" hits="1"/>
						<line number="600" hits="1" branch="true" condition-coverage="50% (1/2)" missing-branches="exit"/>
						<line number="602" hits="1"/>
						<line number="635" hits="1" branch="true" condition-coverage="50% (1/2)" missing-branches="636"/>
						<line number="636" hits="0"/>
						<line number="639" hits="1"/>
						<line number="640" hits="1" branch="true" condition-coverage="50% (1/2)" missing-branches="641"/>
						<line number="641" hits="0"/>
						<line number="642" hits="0" branch="true" condition-coverage="0% (0/2)" missing-branches="643,646"/>
						<line number="643" hits="0"/>
						<line number="644" hits="0"/>
						<line number="646" hits="0"/>
						<line number="649" hits="1" branch="true" condition-coverage="100% (2/2)"/>
						<line number="650" hits="1"/>
						<line number="651" hits="1"/>
						<line number="653" hits="1"/>
						<line number="656" hits="1"/>
						<line number="659" hits="1"/>
						<line number="660" hits="1"/>
						<line number="662" hits="1"/>
						<line number="663" hits="1" branch="true" condition-coverage="50% (1/2)" missing-branches="664"/>
						<line number="664" hits="0"/>
						<line number="667" hits="1"/>
						<line number="670" hits="1"/>
						<line number="671" hits="1" branch="true" condition-coverage="100% (2/2)"/>
						<line number="672" hits="1"/>
						<line number="675" hits="1"/>
						<line number="678" hits="1"/>
						<line number="681" hits="1"/>
						<line number="683" hits="1"/>
						<line number="684" hits="1"/>
						<line number="685" hits="0"/>
						<line number="686" hits="0"/>
						<line number="687" hits="0"/>
						<line number="689" hits="1"/>
						<line number="691" hits="1"/>
						<line number="692" hits="0"/>
						<line number="693" hits="0"/>
						<line number="699" hits="1"/>
						<line number="711" hits="1"/>
						<line number="713" hits="1" branch="true" condition-coverage="50% (1/2)" missing-branches="716"/>
						<line number="714" hits="1"/>
						<line number="716" hits="0"/>
						<line number="717" hits="0"/>
						<line number="718" hits="0"/>
						<line number="719" hits="0"/>
						<line number="720" hits="0"/>
						<line number="722" hits="1"/>
						<line number="727" hits="1"/>
						<line number="728" hits="1"/>
						<line number="729" hits="1"/>
						<line number="730" hits="1"/>
						<line number="731" hits="1"/>
						<line number="732" hits="0"/>
						<line number="733" hits="0"/>
						<line number="735" hits="1" branch="true" condition-coverage="100% (2/2)"/>
						<line number="737" hits="1" branch="true" condition-coverage="50% (1/2)" missing-branches="738"/>
						<line number="738" hits="0"/>
						<line number="741" hits="1"/>
						<line number="744" hits="1" branch="true" condition-coverage="50% (1/2)" missing-branches="745"/>
						<line number="745" hits="0"/>
						<line number="747" hits="1"/>
						<line number="750" hits="1" branch="true" condition-coverage="100% (2/2)"/>
						<line number="751" hits="1"/>
						<line number="754" hits="1"/>
						<line number="756" hits="1"/>
						<line number="757" hits="1" branch="true" condition-coverage="50% (1/2)" missing-branches="735"/>
						<line number="758" hits="1"/>
						<line number="769" hits="1"/>
						<line number="770" hits="0"/>
						<line number="771" hits="0"/>
						<line number="773" hits="1"/>
						<line number="788" hits="1"/>
						<line number="791" hits="1" branch="true" condition-coverage="100% (2/2)"/>
						<line number="792" hits="1"/>
						<line number="795" hits="1"/>
						<line number="797" hits="1" branch="true" condition-coverage="100% (2/2)"/>
						<line number="799" hits="1" branch="true" condition-coverage="100% (2/2)"/>
						<line number="800" hits="1"/>
						<line number="802" hits="1" branch="true" condition-coverage="50% (1/2)" missing-branches="803"/>
						<line number="803" hits="0"/>
						<line number="804" hits="0" branch="true" condition-coverage="0% (0/2)" missing-branches="805,818"/>
						<line number="805" hits="0"/>
						<line number="807" hits="1" branch="true" condition-coverage="100% (2/2)"/>
						<line number="808" hits="1" branch="true" condition-coverage="100% (2/2)"/>
						<line number="809" hits="1" branch="true" condition-coverage="100% (2/2)"/>
						<line number="813" hits="1"/>
						<line number="814" hits="1"/>
						<line number="815" hits="1"/>
						<line number="818" hits="1"/>
						<line number="819" hits="1"/>
						<line number="822" hits="1"/>
						<line number="829" hits="1" branch="true" condition-coverage="50% (1/2)" missing-branches="830"/>
						<line number="830" hits="0"/>
						<line number="831" hits="0"/>
						<line number="834" hits="0"/>
						<line number="836" hits="1" branch="true" condition-coverage="100% (2/2)"/>
						<line number="839" hits="1"/>
						<line number="840" hits="1"/>
						<line number="842" hits="1" branch="true" condition-coverage="50% (1/2)" missing-branches="849"/>
						<line number="843" hits="1" branch="true" condition-coverage="50% (1/2)" missing-branches="842"/>
						<line number="847" hits="1"/>
						<line number="848" hits="1"/>
						<line number="849" hits="1" branch="true" condition-coverage="50% (1/2)" missing-branches="850"/>
						<line number="850" hits="0"/>
						<line number="852" hits="1" branch="true" condition-coverage="100% (2/2)"/>
						<line number="853" hits="1" branch="true" condition-coverage="50% (1/2)" missing-branches="854"/>
						<line number="854" hits="0" branch="true" condition-coverage="0% (0/2)" missing-branches="855,857"/>
						<line number="855" hits="0"/>
						<line number="857" hits="0"/>
						<line number="860" hits="1"/>
						<line number="861" hits="1" branch="true" condition-coverage="50% (1/2)" missing-branches="863"/>
						<line number="863" hits="0"/>
						<line number="866" hits="1"/>
						<line number="867" hits="1"/>
						<line number="870" hits="1" branch="true" condition-coverage="100% (2/2)"/>
						<line number="871" hits="1" branch="true" condition-coverage="100% (2/2)"/>
						<line number="872" hits="1"/>
						<line number="873" hits="1"/>
						<line number="875" hits="1"/>
						<line number="876" hits="1"/>
						<line number="877" hits="1"/>
						<line number="878" hits="1" branch="true" condition-coverage="50% (1/2)" missing-branches="797"/>
						<line number="879" hits="1"/>
						<line number="880" hits="1"/>
						<line number="882" hits="1"/>
						<line number="895" hits="1"/>
						<line number="896" hits="1" branch="true" condition-coverage="50% (1/2)" missing-branches="897"/>
						<line number="897" hits="0"/>
						<line number="899" hits="1"/>
						<line number="900" hits="1" branch="true" condition-coverage="50% (1/2)" missing-branches="902"/>
						<line number="901" hits="1"/>
						<line number="902" hits="0"/>
						<line number="903" hits="1"/>
						<line number="904" hits="0"/>
						<line number="905" hits="1"/>
						<line number="906" hits="1"/>
						<line number="908" hits="1"/>
						<line number="923" hits="1"/>
						<line number="926" hits="1"/>
						<line number="929" hits="1"/>
						<line number="931" hits="1"/>
						<line number="943" hits="1"/>
						<line number="944" hits="1"/>
						<line number="945" hits="1" branch="true" condition-coverage="100% (2/2)"/>
						<line number="947" hits="1" branch="true" condition-coverage="50% (1/2)" missing-branches="948"/>
						<line number="948" hits="0"/>
						<line number="949" hits="0" branch="true" condition-coverage="0% (0/2)" missing-branches="950,954"/>
						<line number="950" hits="0"/>
						<line number="951" hits="0" branch="true" condition-coverage="0% (0/2)" missing-branches="952,965"/>
						<line number="952" hits="0"/>
						<line number="954" hits="0" branch="true" condition-coverage="0% (0/2)" missing-branches="955,965"/>
						<line number="955" hits="0" branch="true" condition-coverage="0% (0/2)" missing-branches="954,956"/>
						<line number="956" hits="0" branch="true" condition-coverage="0% (0/2)" missing-branches="954,960"/>
						<line number="960" hits="0"/>
						<line number="961" hits="0"/>
						<line number="962" hits="0"/>
						<line number="965" hits="1"/>
						<line number="966" hits="1"/>
						<line number="969" hits="1"/>
						<line number="976" hits="1" branch="true" condition-coverage="50% (1/2)" missing-branches="977"/>
						<line number="977" hits="0"/>
						<line number="978" hits="0"/>
						<line number="981" hits="0"/>
						<line number="983" hits="1" branch="true" condition-coverage="50% (1/2)" missing-branches="986"/>
						<line number="986" hits="0"/>
						<line number="987" hits="0"/>
						<line number="989" hits="0" branch="true" condition-coverage="0% (0/2)" missing-branches="990,996"/>
						<line number="990" hits="0" branch="true" condition-coverage="0% (0/2)" missing-branches="989,994"/>
						<line number="994" hits="0"/>
						<line number="995" hits="0"/>
						<line number="996" hits="0" branch="true" condition-coverage="0% (0/2)" missing-branches="997,999"/>
						<line number="997" hits="0"/>
						<line number="999" hits="1" branch="true" condition-coverage="50% (1/2)" missing-branches="1002"/>
						<line number="1002" hits="0" branch="true" condition-coverage="0% (0/2)" missing-branches="1003,1009"/>
						<line number="1003" hits="0" branch="true" condition-coverage="0% (0/2)" missing-branches="1004,1006"/>
						<line number="1004" hits="0"/>
						<line number="1006" hits="0"/>
						<line number="1009" hits="0"/>
						<line number="1010" hits="0" branch="true" condition-coverage="0% (0/2)" missing-branches="1012,1015"/>
						<line number="1012" hits="0"/>
						<line number="1015" hits="0"/>
						<line number="1016" hits="0"/>
						<line number="1019" hits="1" branch="true" condition-coverage="50% (1/2)" missing-branches="1020"/>
						<line number="1020" hits="0" branch="true" condition-coverage="0% (0/2)" missing-branches="1021,1022"/>
						<line number="1021" hits="0"/>
						<line number="1022" hits="0"/>
						<line number="1024" hits="1"/>
						<line number="1026" hits="1"/>
						<line number="1027" hits="0"/>
						<line number="1028" hits="0" branch="true" condition-coverage="0% (0/2)" missing-branches="945,1029"/>
						<line number="1029" hits="0"/>
						<line number="1030" hits="1"/>
						<line number="1032" hits="1"/>
						<line number="1045" hits="1"/>
						<line number="1046" hits="1" branch="true" condition-coverage="50% (1/2)" missing-branches="1047"/>
						<line number="1047" hits="0"/>
						<line number="1049" hits="1"/>
						<line number="1050" hits="1" branch="true" condition-coverage="50% (1/2)" missing-branches="1056"/>
						<line number="1051" hits="1" branch="true" condition-coverage="100% (2/2)"/>
						<line number="1053" hits="1"/>
						<line number="1055" hits="1"/>
						<line number="1056" hits="0"/>
						<line number="1057" hits="1"/>
						<line number="1058" hits="0"/>
						<line number="1059" hits="1"/>
						<line number="1060" hits="1"/>
						<line number="1062" hits="1"/>
						<line number="1077" hits="1"/>
						<line number="1080" hits="1"/>
						<line number="1083" hits="1"/>
						<line number="1085" hits="1"/>
						<line number="1087" hits="1" branch="true" condition-coverage="50% (1/2)" missing-branches="1088"/>
						<line number="1088" hits="0" branch="true" condition-coverage="0% (0/2)" missing-branches="1089,1091"/>
						<line number="1089" hits="0"/>
						<line number="1091" hits="0"/>
						<line number="1093" hits="1"/>
						<line number="1095" hits="1"/>
						<line number="1096" hits="1" branch="true" condition-coverage="50% (1/2)" missing-branches="1097"/>
						<line number="1097" hits="0" branch="true" condition-coverage="0% (0/2)" missing-branches="1098,1100"/>
						<line number="1098" hits="0"/>
						<line number="1100" hits="0"/>
						<line number="1101" hits="1"/>
						<line number="1103" hits="1"/>
						<line number="1105" hits="0" branch="true" condition-coverage="0% (0/2)" missing-branches="exit,1106"/>
						<line number="1106" hits="0" branch="true" condition-coverage="0% (0/2)" missing-branches="1107,1109"/>
						<line number="1107" hits="0"/>
						<line number="1109" hits="0"/>
						<line number="1113" hits="1"/>
						<line number="1128" hits="1"/>
						<line number="1129" hits="1"/>
						<line number="1130" hits="1"/>
						<line number="1131" hits="1"/>
						<line number="1133" hits="1"/>
						<line number="1148" hits="1"/>
						<line number="1149" hits="1"/>
						<line number="1150" hits="1"/>
						<line number="1151" hits="1"/>
						<line number="1153" hits="1"/>
						<line number="1168" hits="1"/>
						<line number="1170" hits="1" branch="true" condition-coverage="100% (2/2)"/>
						<line number="1171" hits="1"/>
						<line number="1173" hits="1"/>
						<line number="1174" hits="1"/>
						<line number="1175" hits="1"/>
						<line number="1177" hits="1"/>
						<line number="1187" hits="1" branch="true" condition-coverage="100% (2/2)"/>
						<line number="1189" hits="1"/>
						<line number="1190" hits="1"/>
						<line number="1191" hits="1"/>
						<line number="1194" hits="1"/>
						<line number="1195" hits="1" branch="true" condition-coverage="100% (2/2)"/>
						<line number="1196" hits="1"/>
						<line number="1198" hits="1"/>
						<line number="1211" hits="1" branch="true" condition-coverage="100% (2/2)"/>
						<line number="1212" hits="1"/>
						<line number="1214" hits="1"/>
						<line number="1215" hits="1"/>
						<line number="1216" hits="1"/>
						<line number="1223" hits="1"/>
						<line number="1236" hits="1"/>
						<line number="1238" hits="1"/>
						<line number="1255" hits="1" branch="true" condition-coverage="100% (2/2)"/>
						<line number="1256" hits="1"/>
						<line number="1258" hits="1"/>
						<line number="1259" hits="1"/>
						<line number="1261" hits="1"/>
						<line number="1274" hits="0"/>
						<line number="1276" hits="0"/>
						<line number="1278" hits="0" branch="true" condition-coverage="0% (0/2)" missing-branches="1280,1291"/>
						<line number="1280" hits="0"/>
						<line number="1281" hits="0"/>
						<line number="1282" hits="0" branch="true" condition-coverage="0% (0/2)" missing-branches="1283,1304"/>
						<line number="1283" hits="0"/>
						<line number="1284" hits="0"/>
						<line number="1285" hits="0" branch="true" condition-coverage="0% (0/2)" missing-branches="1286,1304"/>
						<line number="1286" hits="0"/>
						<line number="1287" hits="0" branch="true" condition-coverage="0% (0/2)" missing-branches="1285,1288"/>
						<line number="1288" hits="0"/>
						<line number="1291" hits="0"/>
						<line number="1292" hits="0"/>
						<line number="1293" hits="0" branch="true" condition-coverage="0% (0/2)" missing-branches="1297,1304"/>
						<line number="1297" hits="0"/>
						<line number="1298" hits="0"/>
						<line number="1299" hits="0" branch="true" condition-coverage="0% (0/2)" missing-branches="1293,1300"/>
						<line number="1300" hits="0"/>
						<line number="1301" hits="0" branch="true" condition-coverage="0% (0/2)" missing-branches="1299,1302"/>
						<line number="1302" hits="0"/>
						<line number="1304" hits="0"/>
						<line number="1306" hits="1"/>
						<line number="1316" hits="1"/>
						<line number="1318" hits="1" branch="true" condition-coverage="100% (2/2)"/>
						<line number="1320" hits="1"/>
						<line number="1322" hits="1" branch="true" condition-coverage="100% (2/2)"/>
						<line number="1324" hits="1"/>
						<line number="1325" hits="1"/>
						<line number="1327" hits="1"/>
						<line number="1337" hits="1"/>
						<line number="1339" hits="1" branch="true" condition-coverage="50% (1/2)" missing-branches="1343"/>
						<line number="1341" hits="1"/>
						<line number="1343" hits="1" branch="true" condition-coverage="100% (2/2)"/>
						<line number="1345" hits="1"/>
						<line number="1346" hits="1"/>
						<line number="1348" hits="1"/>
						<line number="1360" hits="1"/>
						<line number="1362" hits="1"/>
						<line number="1373" hits="1" branch="true" condition-coverage="100% (2/2)"/>
						<line number="1374" hits="1"/>
						<line number="1376" hits="1"/>
						<line number="1380" hits="1"/>
						<line number="1393" hits="1"/>
						<line number="1397" hits="1"/>
						<line number="1422" hits="1" branch="true" condition-coverage="100% (2/2)"/>
						<line number="1423" hits="1"/>
						<line number="1424" hits="1"/>
						<line number="1426" hits="1"/>
						<line number="1427" hits="1"/>
						<line number="1431" hits="1"/>
						<line number="1440" hits="1"/>
						<line number="1442" hits="1"/>
						<line number="1451" hits="1"/>
						<line number="1453" hits="1"/>
						<line number="1459" hits="1"/>
						<line number="1461" hits="1"/>
						<line number="1476" hits="1"/>
						<line number="1478" hits="1"/>
						<line number="1483" hits="1"/>
						<line number="1485" hits="1"/>
						<line number="1490" hits="1"/>
						<line number="1491" hits="1"/>
						<line number="1492" hits="1"/>
						<line number="1493" hits="1"/>
						<line number="1494" hits="1"/>
						<line number="1496" hits="1"/>
						<line number="1498" hits="1"/>
						<line number="1500" hits="1"/>
						<line number="1502" hits="1"/>
						<line number="1504" hits="1"/>
						<line number="1506" hits="1"/>
						<line number="1508" hits="1"/>
						<line number="1510" hits="1"/>
						<line number="1513" hits="1"/>
						<line number="1524" hits="1"/>
						<line number="1530" hits="1"/>
						<line number="1531" hits="1"/>
						<line number="1533" hits="1"/>
						<line number="1535" hits="1"/>
						<line number="1536" hits="1"/>
						<line number="1538" hits="1"/>
						<line number="1540" hits="1"/>
						<line number="1542" hits="1"/>
						<line number="1547" hits="0"/>
						<line number="1549" hits="1"/>
						<line number="1561" hits="1" branch="true" condition-coverage="50% (1/2)" missing-branches="1562"/>
						<line number="1562" hits="0"/>
						<line number="1563" hits="0"/>
						<line number="1565" hits="1"/>
					</lines>
				</class>
				<class name="decorators.py" filename="decorators.py" complexity="0" line-rate="0.9189" branch-rate="0.7778">
					<methods/>
					<lines>
						<line number="13" hits="1"/>
						<line number="15" hits="1"/>
						<line number="16" hits="1"/>
						<line number="18" hits="1"/>
						<line number="23" hits="1"/>
						<line number="26" hits="1"/>
						<line number="37" hits="1"/>
						<line number="50" hits="1"/>
						<line number="51" hits="1"/>
						<line number="52" hits="1"/>
						<line number="55" hits="1"/>
						<line number="85" hits="1" branch="true" condition-coverage="100% (2/2)"/>
						<line number="86" hits="1"/>
						<line number="87" hits="1"/>
						<line number="88" hits="1"/>
						<line number="91" hits="1"/>
						<line number="93" hits="1"/>
						<line number="94" hits="1"/>
						<line number="96" hits="1"/>
						<line number="99" hits="1"/>
						<line number="114" hits="1"/>
						<line number="115" hits="1"/>
						<line number="120" hits="1"/>
						<line number="121" hits="1"/>
						<line number="124" hits="1"/>
						<line number="140" hits="1"/>
						<line number="143" hits="1"/>
						<line number="159" hits="1"/>
						<line number="162" hits="1"/>
						<line number="178" hits="1"/>
						<line number="181" hits="1"/>
						<line number="198" hits="1" branch="true" condition-coverage="100% (2/2)"/>
						<line number="199" hits="1"/>
						<line number="200" hits="1"/>
						<line number="201" hits="1"/>
						<line number="206" hits="1"/>
						<line number="207" hits="1"/>
						<line number="210" hits="1"/>
						<line number="212" hits="1"/>
						<line number="213" hits="1"/>
						<line number="214" hits="1"/>
						<line number="219" hits="1"/>
						<line number="220" hits="1"/>
						<line number="222" hits="1"/>
						<line number="225" hits="1"/>
						<line number="234" hits="1"/>
						<line number="237" hits="1"/>
						<line number="246" hits="1" branch="true" condition-coverage="100% (2/2)"/>
						<line number="247" hits="1"/>
						<line number="248" hits="1"/>
						<line number="251" hits="1"/>
						<line number="269" hits="1" branch="true" condition-coverage="100% (2/2)"/>
						<line number="270" hits="1" branch="true" condition-coverage="100% (2/2)"/>
						<line number="271" hits="1"/>
						<line number="272" hits="1" branch="true" condition-coverage="100% (2/2)"/>
						<line number="274" hits="1"/>
						<line number="275" hits="1"/>
						<line number="277" hits="1" branch="true" condition-coverage="50% (1/2)" missing-branches="278"/>
						<line number="278" hits="0"/>
						<line number="280" hits="1"/>
						<line number="282" hits="1"/>
						<line number="283" hits="1"/>
						<line number="286" hits="1"/>
						<line number="287" hits="1"/>
						<line number="288" hits="1" branch="true" condition-coverage="50% (1/2)" missing-branches="289"/>
						<line number="289" hits="0"/>
						<line number="290" hits="0"/>
						<line number="291" hits="0" branch="true" condition-coverage="0% (0/2)" missing-branches="293,296"/>
						<line number="293" hits="0"/>
						<line number="296" hits="0"/>
						<line number="299" hits="1"/>
						<line number="300" hits="1"/>
						<line number="302" hits="1"/>
						<line number="306" hits="1"/>
					</lines>
				</class>
				<class name="exceptions.py" filename="exceptions.py" complexity="0" line-rate="1" branch-rate="1">
					<methods/>
					<lines>
						<line number="12" hits="1"/>
						<line number="14" hits="1"/>
						<line number="20" hits="1"/>
						<line number="30" hits="1"/>
						<line number="41" hits="1"/>
						<line number="42" hits="1"/>
						<line number="43" hits="1"/>
						<line number="45" hits="1"/>
						<line number="47" hits="1" branch="true" condition-coverage="100% (2/2)"/>
						<line number="48" hits="1"/>
						<line number="49" hits="1"/>
						<line number="52" hits="1"/>
						<line number="70" hits="1"/>
						<line number="81" hits="1"/>
						<line number="82" hits="1"/>
						<line number="83" hits="1" branch="true" condition-coverage="100% (2/2)"/>
						<line number="85" hits="1"/>
						<line number="86" hits="1"/>
						<line number="89" hits="1"/>
						<line number="115" hits="1"/>
						<line number="126" hits="1"/>
						<line number="127" hits="1"/>
						<line number="128" hits="1"/>
						<line number="129" hits="1"/>
						<line number="132" hits="1"/>
						<line number="143" hits="1"/>
						<line number="156" hits="1"/>
						<line number="157" hits="1"/>
						<line number="158" hits="1"/>
						<line number="161" hits="1"/>
						<line number="164" hits="1"/>
						<line number="175" hits="1"/>
						<line number="186" hits="1"/>
						<line number="187" hits="1"/>
						<line number="188" hits="1"/>
						<line number="191" hits="1"/>
						<line number="202" hits="1"/>
						<line number="213" hits="1"/>
						<line number="214" hits="1"/>
						<line number="215" hits="1" branch="true" condition-coverage="100% (2/2)"/>
						<line number="216" hits="1"/>
						<line number="217" hits="1"/>
						<line number="220" hits="1"/>
						<line number="233" hits="1"/>
						<line number="239" hits="1"/>
						<line number="242" hits="1"/>
						<line number="253" hits="1"/>
						<line number="264" hits="1"/>
						<line number="265" hits="1"/>
						<line number="268" hits="1"/>
						<line number="283" hits="1"/>
						<line number="289" hits="1"/>
						<line number="292" hits="1"/>
						<line number="304" hits="1"/>
						<line number="317" hits="1"/>
						<line number="318" hits="1"/>
						<line number="319" hits="1"/>
						<line number="320" hits="1" branch="true" condition-coverage="100% (2/2)"/>
						<line number="321" hits="1"/>
						<line number="322" hits="1"/>
						<line number="325" hits="1"/>
						<line number="336" hits="1"/>
						<line number="347" hits="1"/>
						<line number="348" hits="1"/>
						<line number="349" hits="1" branch="true" condition-coverage="100% (2/2)"/>
						<line number="350" hits="1"/>
						<line number="351" hits="1"/>
					</lines>
				</class>
				<class name="generics.py" filename="generics.py" complexity="0" line-rate="0.9762" branch-rate="0.9286">
					<methods/>
					<lines>
						<line number="29" hits="1"/>
						<line number="31" hits="1"/>
						<line number="37" hits="1"/>
						<line number="39" hits="1"/>
						<line number="42" hits="1"/>
						<line number="58" hits="1"/>
						<line number="65" hits="1"/>
						<line number="66" hits="1"/>
						<line number="68" hits="1"/>
						<line number="70" hits="1" branch="true" condition-coverage="100% (2/2)"/>
						<line number="71" hits="1"/>
						<line number="72" hits="1"/>
						<line number="74" hits="1"/>
						<line number="76" hits="1"/>
						<line number="84" hits="1"/>
						<line number="98" hits="1"/>
						<line number="99" hits="1" branch="true" condition-coverage="100% (2/2)"/>
						<line number="100" hits="1"/>
						<line number="102" hits="1"/>
						<line number="103" hits="1" branch="true" condition-coverage="50% (1/2)" missing-branches="104"/>
						<line number="104" hits="0"/>
						<line number="106" hits="1"/>
						<line number="109" hits="1"/>
						<line number="139" hits="1"/>
						<line number="141" hits="1"/>
						<line number="142" hits="1" branch="true" condition-coverage="100% (2/2)"/>
						<line number="143" hits="1"/>
						<line number="144" hits="1"/>
						<line number="147" hits="1" branch="true" condition-coverage="100% (2/2)"/>
						<line number="148" hits="1"/>
						<line number="153" hits="1" branch="true" condition-coverage="100% (2/2)"/>
						<line number="154" hits="1"/>
						<line number="160" hits="1"/>
						<line number="161" hits="1"/>
						<line number="164" hits="1"/>
						<line number="182" hits="1"/>
						<line number="183" hits="1" branch="true" condition-coverage="100% (2/2)"/>
						<line number="184" hits="1"/>
						<line number="185" hits="1"/>
						<line number="187" hits="1"/>
						<line number="190" hits="1"/>
						<line number="204" hits="1"/>
					</lines>
				</class>
				<class name="injector.py" filename="injector.py" complexity="0" line-rate="0.7882" branch-rate="0.5833">
					<methods/>
					<lines>
						<line number="11" hits="1"/>
						<line number="13" hits="1"/>
						<line number="14" hits="1"/>
						<line number="15" hits="1"/>
						<line number="17" hits="1"/>
						<line number="18" hits="1"/>
						<line number="21" hits="1"/>
						<line number="35" hits="1"/>
						<line number="54" hits="1"/>
						<line number="55" hits="1"/>
						<line number="56" hits="1"/>
						<line number="57" hits="1"/>
						<line number="58" hits="1"/>
						<line number="59" hits="1"/>
						<line number="68" hits="1"/>
						<line number="81" hits="1"/>
						<line number="83" hits="1"/>
						<line number="84" hits="1"/>
						<line number="89" hits="1"/>
						<line number="91" hits="1"/>
						<line number="92" hits="1"/>
						<line number="101" hits="1"/>
						<line number="103" hits="1"/>
						<line number="104" hits="1" branch="true" condition-coverage="50% (1/2)" missing-branches="105"/>
						<line number="105" hits="0"/>
						<line number="106" hits="0"/>
						<line number="107" hits="0" branch="true" condition-coverage="0% (0/2)" missing-branches="108,111"/>
						<line number="108" hits="0"/>
						<line number="111" hits="1" branch="true" condition-coverage="50% (1/2)" missing-branches="114"/>
						<line number="112" hits="1"/>
						<line number="114" hits="0"/>
						<line number="115" hits="0"/>
						<line number="116" hits="0"/>
						<line number="118" hits="1"/>
						<line number="119" hits="1"/>
						<line number="128" hits="1"/>
						<line number="129" hits="1"/>
						<line number="131" hits="1"/>
						<line number="132" hits="1"/>
						<line number="141" hits="1"/>
						<line number="142" hits="1"/>
						<line number="144" hits="1" branch="true" condition-coverage="100% (2/2)"/>
						<line number="145" hits="1"/>
						<line number="146" hits="1" branch="true" condition-coverage="50% (1/2)" missing-branches="151"/>
						<line number="147" hits="1"/>
						<line number="148" hits="1" branch="true" condition-coverage="50% (1/2)" missing-branches="151"/>
						<line number="149" hits="1"/>
						<line number="151" hits="1"/>
						<line number="153" hits="1"/>
						<line number="154" hits="1"/>
						<line number="184" hits="1" branch="true" condition-coverage="50% (1/2)" missing-branches="185"/>
						<line number="185" hits="0"/>
						<line number="187" hits="1"/>
						<line number="189" hits="1"/>
						<line number="191" hits="1"/>
						<line number="192" hits="1"/>
						<line number="195" hits="1"/>
						<line number="198" hits="1" branch="true" condition-coverage="100% (2/2)"/>
						<line number="200" hits="1" branch="true" condition-coverage="100% (2/2)"/>
						<line number="201" hits="1"/>
						<line number="204" hits="1"/>
						<line number="207" hits="1" branch="true" condition-coverage="50% (1/2)" missing-branches="208"/>
						<line number="208" hits="0"/>
						<line number="211" hits="1"/>
						<line number="214" hits="1" branch="true" condition-coverage="50% (1/2)" missing-branches="215"/>
						<line number="215" hits="0"/>
						<line number="218" hits="1"/>
						<line number="224" hits="1"/>
						<line number="225" hits="1" branch="true" condition-coverage="50% (1/2)" missing-branches="198"/>
						<line number="227" hits="1"/>
						<line number="235" hits="1"/>
						<line number="238" hits="1"/>
						<line number="239" hits="1"/>
						<line number="241" hits="0"/>
						<line number="243" hits="0"/>
						<line number="244" hits="0"/>
						<line number="246" hits="0"/>
						<line number="251" hits="1"/>
						<line number="252" hits="1"/>
						<line number="268" hits="0"/>
						<line number="270" hits="0"/>
						<line number="272" hits="1"/>
						<line number="273" hits="1"/>
						<line number="284" hits="0"/>
						<line number="285" hits="0"/>
					</lines>
				</class>
				<class name="lifetime_manager.py" filename="lifetime_manager.py" complexity="0" line-rate="0.8455" branch-rate="0.6667">
					<methods/>
					<lines>
						<line number="12" hits="1"/>
						<line number="14" hits="1"/>
						<line number="15" hits="1"/>
						<line number="17" hits="1"/>
						<line number="22" hits="1"/>
						<line number="25" hits="1"/>
						<line number="36" hits="1"/>
						<line number="38" hits="1"/>
						<line number="40" hits="1"/>
						<line number="49" hits="1"/>
						<line number="51" hits="1"/>
						<line number="58" hits="1"/>
						<line number="60" hits="1"/>
						<line number="69" hits="1"/>
						<line number="71" hits="1"/>
						<line number="73" hits="1"/>
						<line number="75" hits="1"/>
						<line number="80" hits="1" branch="true" condition-coverage="100% (2/2)"/>
						<line number="81" hits="1" branch="true" condition-coverage="100% (2/2)"/>
						<line number="82" hits="1"/>
						<line number="83" hits="1"/>
						<line number="86" hits="1"/>
						<line number="97" hits="1"/>
						<line number="103" hits="1"/>
						<line number="104" hits="1"/>
						<line number="106" hits="1"/>
						<line number="107" hits="1"/>
						<line number="109" hits="1"/>
						<line number="111" hits="1"/>
						<line number="120" hits="1"/>
						<line number="122" hits="1"/>
						<line number="129" hits="1"/>
						<line number="131" hits="1"/>
						<line number="140" hits="1"/>
						<line number="142" hits="1"/>
						<line number="147" hits="1" branch="true" condition-coverage="100% (2/2)"/>
						<line number="148" hits="1" branch="true" condition-coverage="100% (2/2)"/>
						<line number="149" hits="1"/>
						<line number="150" hits="1"/>
						<line number="153" hits="1"/>
						<line number="168" hits="1"/>
						<line number="170" hits="1"/>
						<line number="171" hits="1"/>
						<line number="172" hits="1"/>
						<line number="174" hits="1"/>
						<line number="196" hits="1" branch="true" condition-coverage="100% (2/2)"/>
						<line number="198" hits="1" branch="true" condition-coverage="100% (2/2)"/>
						<line number="199" hits="1"/>
						<line number="200" hits="1" branch="true" condition-coverage="50% (1/2)" missing-branches="204"/>
						<line number="201" hits="1"/>
						<line number="202" hits="1"/>
						<line number="203" hits="1"/>
						<line number="204" hits="0"/>
						<line number="206" hits="1" branch="true" condition-coverage="100% (2/2)"/>
						<line number="208" hits="1"/>
						<line number="210" hits="1" branch="true" condition-coverage="50% (1/2)" missing-branches="219"/>
						<line number="212" hits="1" branch="true" condition-coverage="50% (1/2)" missing-branches="217"/>
						<line number="213" hits="1" branch="true" condition-coverage="50% (1/2)" missing-branches="214"/>
						<line number="214" hits="0"/>
						<line number="215" hits="0"/>
						<line number="216" hits="1"/>
						<line number="217" hits="0"/>
						<line number="219" hits="0" branch="true" condition-coverage="0% (0/2)" missing-branches="221,223"/>
						<line number="221" hits="0"/>
						<line number="223" hits="0"/>
						<line number="225" hits="1"/>
						<line number="244" hits="1" branch="true" condition-coverage="100% (2/2)"/>
						<line number="245" hits="1"/>
						<line number="246" hits="1" branch="true" condition-coverage="100% (2/2)"/>
						<line number="247" hits="1"/>
						<line number="249" hits="1"/>
						<line number="258" hits="1"/>
						<line number="259" hits="1"/>
						<line number="260" hits="1"/>
						<line number="261" hits="1"/>
						<line number="263" hits="1"/>
						<line number="271" hits="1" branch="true" condition-coverage="100% (2/2)"/>
						<line number="272" hits="1"/>
						<line number="273" hits="1"/>
						<line number="274" hits="1"/>
						<line number="276" hits="1" branch="true" condition-coverage="100% (2/2)"/>
						<line number="277" hits="1"/>
						<line number="279" hits="1"/>
						<line number="280" hits="1"/>
						<line number="282" hits="1"/>
						<line number="284" hits="1"/>
						<line number="286" hits="1"/>
						<line number="288" hits="1"/>
						<line number="294" hits="1" branch="true" condition-coverage="50% (1/2)" missing-branches="295"/>
						<line number="295" hits="0"/>
						<line number="298" hits="1"/>
						<line number="300" hits="1"/>
						<line number="302" hits="1"/>
						<line number="303" hits="1"/>
						<line number="305" hits="1"/>
						<line number="312" hits="1" branch="true" condition-coverage="100% (2/2)"/>
						<line number="313" hits="1"/>
						<line number="314" hits="1" branch="true" condition-coverage="50% (1/2)" missing-branches="315"/>
						<line number="315" hits="0"/>
						<line number="316" hits="0"/>
						<line number="318" hits="1" branch="true" condition-coverage="50% (1/2)" missing-branches="322"/>
						<line number="319" hits="1"/>
						<line number="322" hits="1" branch="true" condition-coverage="50% (1/2)" missing-branches="323"/>
						<line number="323" hits="0" branch="true" condition-coverage="0% (0/2)" missing-branches="322,324"/>
						<line number="324" hits="0"/>
						<line number="325" hits="0" branch="true" condition-coverage="0% (0/2)" missing-branches="326,328"/>
						<line number="326" hits="0"/>
						<line number="327" hits="0"/>
						<line number="328" hits="0" branch="true" condition-coverage="0% (0/2)" missing-branches="322,329"/>
						<line number="329" hits="0"/>
					</lines>
				</class>
				<class name="performance.py" filename="performance.py" complexity="0" line-rate="1" branch-rate="1">
					<methods/>
					<lines>
						<line number="9" hits="1"/>
						<line number="11" hits="1"/>
						<line number="12" hits="1"/>
						<line number="13" hits="1"/>
						<line number="16" hits="1"/>
						<line number="28" hits="1"/>
						<line number="30" hits="1"/>
						<line number="31" hits="1"/>
						<line number="32" hits="1"/>
						<line number="33" hits="1"/>
						<line number="34" hits="1"/>
						<line number="36" hits="1"/>
						<line number="49" hits="1"/>
						<line number="50" hits="1"/>
						<line number="51" hits="1"/>
						<line number="53" hits="1" branch="true" condition-coverage="100% (2/2)"/>
						<line number="54" hits="1"/>
						<line number="56" hits="1"/>
						<line number="58" hits="1"/>
						<line number="60" hits="1"/>
						<line number="61" hits="1"/>
						<line number="62" hits="1"/>
						<line number="63" hits="1"/>
						<line number="64" hits="1"/>
						<line number="66" hits="1"/>
						<line number="67" hits="1"/>
						<line number="69" hits="1" branch="true" condition-coverage="100% (2/2)"/>
						<line number="70" hits="1"/>
						<line number="71" hits="1"/>
						<line number="73" hits="1"/>
						<line number="74" hits="1"/>
						<line number="76" hits="1"/>
						<line number="78" hits="1"/>
						<line number="79" hits="1"/>
						<line number="81" hits="1" branch="true" condition-coverage="100% (2/2)"/>
						<line number="82" hits="1"/>
						<line number="83" hits="1"/>
						<line number="85" hits="1"/>
						<line number="91" hits="1"/>
						<line number="112" hits="1"/>
						<line number="121" hits="1"/>
						<line number="123" hits="1"/>
						<line number="125" hits="1"/>
						<line number="132" hits="1"/>
						<line number="134" hits="1"/>
						<line number="143" hits="1"/>
						<line number="145" hits="1"/>
						<line number="151" hits="1"/>
						<line number="153" hits="1"/>
						<line number="162" hits="1"/>
						<line number="164" hits="1"/>
						<line number="166" hits="1"/>
						<line number="168" hits="1"/>
						<line number="170" hits="1"/>
						<line number="172" hits="1"/>
						<line number="174" hits="1"/>
						<line number="177" hits="1"/>
						<line number="190" hits="1"/>
						<line number="192" hits="1"/>
						<line number="193" hits="1"/>
						<line number="195" hits="1"/>
						<line number="197" hits="1"/>
						<line number="198" hits="1"/>
						<line number="200" hits="1"/>
						<line number="202" hits="1"/>
						<line number="204" hits="1"/>
						<line number="205" hits="1"/>
						<line number="207" hits="1" branch="true" condition-coverage="100% (2/2)"/>
						<line number="208" hits="1"/>
						<line number="209" hits="1"/>
					</lines>
				</class>
				<class name="types.py" filename="types.py" complexity="0" line-rate="0.7528" branch-rate="1">
					<methods/>
					<lines>
						<line number="12" hits="1"/>
						<line number="14" hits="1"/>
						<line number="15" hits="1"/>
						<line number="16" hits="1"/>
						<line number="25" hits="1"/>
						<line number="27" hits="1"/>
						<line number="29" hits="1"/>
						<line number="31" hits="1"/>
						<line number="36" hits="1"/>
						<line number="55" hits="1"/>
						<line number="58" hits="1"/>
						<line number="61" hits="1"/>
						<line number="64" hits="1"/>
						<line number="70" hits="1"/>
						<line number="73" hits="1"/>
						<line number="79" hits="1"/>
						<line number="101" hits="1"/>
						<line number="103" hits="0"/>
						<line number="106" hits="1"/>
						<line number="130" hits="1"/>
						<line number="132" hits="0"/>
						<line number="138" hits="1"/>
						<line number="152" hits="1"/>
						<line number="153" hits="1"/>
						<line number="155" hits="0"/>
						<line number="157" hits="1"/>
						<line number="158" hits="1"/>
						<line number="160" hits="0"/>
						<line number="162" hits="1"/>
						<line number="163" hits="1"/>
						<line number="165" hits="0"/>
						<line number="167" hits="1"/>
						<line number="168" hits="1"/>
						<line number="170" hits="0"/>
						<line number="172" hits="1"/>
						<line number="173" hits="1"/>
						<line number="175" hits="0"/>
						<line number="177" hits="1"/>
						<line number="178" hits="1"/>
						<line number="180" hits="0"/>
						<line number="183" hits="1"/>
						<line number="204" hits="1"/>
						<line number="206" hits="0"/>
						<line number="209" hits="1"/>
						<line number="231" hits="1"/>
						<line number="233" hits="0"/>
						<line number="236" hits="1"/>
						<line number="258" hits="1"/>
						<line number="260" hits="0"/>
						<line number="266" hits="1"/>
						<line number="272" hits="1"/>
						<line number="273" hits="1"/>
						<line number="275" hits="0"/>
						<line number="277" hits="1"/>
						<line number="278" hits="1"/>
						<line number="280" hits="0"/>
						<line number="282" hits="1"/>
						<line number="283" hits="1"/>
						<line number="285" hits="0"/>
						<line number="287" hits="1"/>
						<line number="288" hits="1"/>
						<line number="290" hits="0"/>
						<line number="296" hits="1"/>
						<line number="308" hits="1"/>
						<line number="310" hits="0"/>
						<line number="312" hits="1"/>
						<line number="314" hits="0"/>
						<line number="316" hits="1"/>
						<line number="318" hits="0"/>
						<line number="320" hits="1"/>
						<line number="322" hits="0"/>
						<line number="324" hits="1"/>
						<line number="326" hits="0"/>
						<line number="332" hits="1"/>
						<line number="342" hits="1"/>
						<line number="344" hits="0"/>
						<line number="347" hits="1"/>
						<line number="350" hits="1"/>
						<line number="352" hits="0"/>
						<line number="358" hits="1"/>
						<line number="369" hits="1"/>
						<line number="370" hits="1"/>
						<line number="371" hits="1"/>
						<line number="377" hits="1"/>
						<line number="390" hits="1"/>
						<line number="399" hits="1"/>
						<line number="404" hits="1"/>
						<line number="407" hits="1"/>
						<line number="410" hits="1"/>
					</lines>
				</class>
				<class name="visualization.py" filename="visualization.py" complexity="0" line-rate="0.9429" branch-rate="0.8784">
					<methods/>
					<lines>
						<line number="30" hits="1"/>
						<line number="32" hits="1"/>
						<line number="33" hits="1"/>
						<line number="34" hits="1"/>
						<line number="39" hits="1"/>
						<line number="48" hits="1"/>
						<line number="49" hits="1"/>
						<line number="63" hits="1"/>
						<line number="64" hits="1"/>
						<line number="65" hits="1"/>
						<line number="66" hits="1"/>
						<line number="67" hits="1"/>
						<line number="68" hits="1"/>
						<line number="69" hits="1"/>
						<line number="70" hits="1"/>
						<line number="73" hits="1"/>
						<line number="92" hits="1" branch="true" condition-coverage="100% (2/2)"/>
						<line number="93" hits="1"/>
						<line number="94" hits="1" branch="true" condition-coverage="100% (2/2)"/>
						<line number="95" hits="1"/>
						<line number="96" hits="1"/>
						<line number="97" hits="1"/>
						<line number="100" hits="1"/>
						<line number="102" hits="1"/>
						<line number="104" hits="1"/>
						<line number="107" hits="1"/>
						<line number="109" hits="1" branch="true" condition-coverage="100% (2/2)"/>
						<line number="110" hits="1"/>
						<line number="113" hits="1"/>
						<line number="119" hits="1"/>
						<line number="122" hits="1" branch="true" condition-coverage="50% (1/2)" missing-branches="109"/>
						<line number="123" hits="1"/>
						<line number="124" hits="1" branch="true" condition-coverage="100% (2/2)"/>
						<line number="125" hits="1"/>
						<line number="126" hits="1"/>
						<line number="128" hits="1"/>
						<line number="129" hits="1"/>
						<line number="132" hits="1"/>
						<line number="134" hits="1"/>
						<line number="136" hits="1"/>
						<line number="138" hits="1"/>
						<line number="140" hits="1" branch="true" condition-coverage="100% (2/2)"/>
						<line number="141" hits="1"/>
						<line number="144" hits="1"/>
						<line number="150" hits="1"/>
						<line number="153" hits="1" branch="true" condition-coverage="50% (1/2)" missing-branches="140"/>
						<line number="154" hits="1"/>
						<line number="155" hits="1" branch="true" condition-coverage="100% (2/2)"/>
						<line number="156" hits="1"/>
						<line number="157" hits="1"/>
						<line number="160" hits="1"/>
						<line number="169" hits="1"/>
						<line number="172" hits="1"/>
						<line number="190" hits="1" branch="true" condition-coverage="100% (2/2)"/>
						<line number="192" hits="1" branch="true" condition-coverage="100% (2/2)"/>
						<line number="193" hits="1"/>
						<line number="194" hits="1"/>
						<line number="195" hits="1"/>
						<line number="197" hits="1"/>
						<line number="198" hits="1" branch="true" condition-coverage="100% (2/2)"/>
						<line number="199" hits="1"/>
						<line number="200" hits="1"/>
						<line number="203" hits="1"/>
						<line number="204" hits="1"/>
						<line number="206" hits="1"/>
						<line number="208" hits="1" branch="true" condition-coverage="50% (1/2)" missing-branches="exit"/>
						<line number="209" hits="1"/>
						<line number="210" hits="1" branch="true" condition-coverage="100% (2/2)"/>
						<line number="211" hits="1"/>
						<line number="212" hits="1"/>
						<line number="213" hits="1"/>
						<line number="214" hits="1"/>
						<line number="217" hits="1"/>
						<line number="239" hits="1"/>
						<line number="241" hits="1"/>
						<line number="242" hits="1" branch="true" condition-coverage="100% (2/2)"/>
						<line number="243" hits="1"/>
						<line number="244" hits="1"/>
						<line number="246" hits="1"/>
						<line number="247" hits="1"/>
						<line number="249" hits="1" branch="true" condition-coverage="50% (1/2)" missing-branches="265"/>
						<line number="250" hits="1"/>
						<line number="251" hits="1" branch="true" condition-coverage="100% (2/2)"/>
						<line number="252" hits="1"/>
						<line number="253" hits="1" branch="true" condition-coverage="100% (2/2)"/>
						<line number="254" hits="1"/>
						<line number="255" hits="1"/>
						<line number="256" hits="1"/>
						<line number="258" hits="1"/>
						<line number="259" hits="1"/>
						<line number="260" hits="1" branch="true" condition-coverage="100% (2/2)"/>
						<line number="261" hits="1"/>
						<line number="263" hits="1"/>
						<line number="265" hits="0"/>
						<line number="268" hits="1"/>
						<line number="269" hits="1"/>
						<line number="270" hits="1"/>
						<line number="271" hits="0"/>
						<line number="272" hits="0"/>
						<line number="275" hits="1"/>
						<line number="295" hits="1"/>
						<line number="297" hits="1"/>
						<line number="298" hits="1"/>
						<line number="301" hits="1"/>
						<line number="302" hits="1"/>
						<line number="303" hits="1"/>
						<line number="305" hits="1" branch="true" condition-coverage="100% (2/2)"/>
						<line number="307" hits="1" branch="true" condition-coverage="100% (2/2)"/>
						<line number="308" hits="1"/>
						<line number="309" hits="1" branch="true" condition-coverage="100% (2/2)"/>
						<line number="310" hits="1"/>
						<line number="311" hits="1" branch="true" condition-coverage="50% (1/2)" missing-branches="305"/>
						<line number="312" hits="1"/>
						<line number="315" hits="1"/>
						<line number="318" hits="1"/>
						<line number="319" hits="1"/>
						<line number="321" hits="1" branch="true" condition-coverage="100% (2/2)"/>
						<line number="322" hits="1"/>
						<line number="323" hits="1"/>
						<line number="324" hits="1"/>
						<line number="325" hits="1"/>
						<line number="326" hits="1"/>
						<line number="329" hits="1"/>
						<line number="330" hits="1" branch="true" condition-coverage="50% (1/2)" missing-branches="331"/>
						<line number="331" hits="0"/>
						<line number="332" hits="1" branch="true" condition-coverage="100% (2/2)"/>
						<line number="333" hits="1"/>
						<line number="334" hits="1"/>
						<line number="336" hits="1"/>
						<line number="348" hits="1"/>
						<line number="350" hits="1" branch="true" condition-coverage="100% (2/2)"/>
						<line number="351" hits="1"/>
						<line number="352" hits="1"/>
						<line number="355" hits="1"/>
						<line number="357" hits="1" branch="true" condition-coverage="50% (1/2)" missing-branches="358"/>
						<line number="358" hits="0"/>
						<line number="360" hits="1"/>
						<line number="361" hits="1"/>
						<line number="362" hits="1"/>
						<line number="363" hits="1" branch="true" condition-coverage="100% (2/2)"/>
						<line number="364" hits="1" branch="true" condition-coverage="100% (2/2)"/>
						<line number="365" hits="1"/>
						<line number="366" hits="1"/>
						<line number="367" hits="0"/>
						<line number="368" hits="0"/>
						<line number="371" hits="1"/>
						<line number="373" hits="1" branch="true" condition-coverage="100% (2/2)"/>
						<line number="374" hits="1"/>
						<line number="376" hits="1" branch="true" condition-coverage="100% (2/2)"/>
						<line number="377" hits="1"/>
						<line number="379" hits="1"/>
						<line number="380" hits="1"/>
						<line number="382" hits="1"/>
						<line number="383" hits="1" branch="true" condition-coverage="50% (1/2)" missing-branches="388"/>
						<line number="384" hits="1"/>
						<line number="385" hits="1" branch="true" condition-coverage="100% (2/2)"/>
						<line number="386" hits="1"/>
						<line number="388" hits="1"/>
						<line number="389" hits="1"/>
						<line number="392" hits="1"/>
						<line number="394" hits="1"/>
						<line number="396" hits="1"/>
						<line number="397" hits="1" branch="true" condition-coverage="50% (1/2)" missing-branches="399"/>
						<line number="399" hits="0"/>
						<line number="400" hits="0"/>
						<line number="401" hits="0"/>
						<line number="403" hits="1"/>
						<line number="404" hits="1" branch="true" condition-coverage="100% (2/2)"/>
						<line number="405" hits="1"/>
						<line number="407" hits="1"/>
						<line number="408" hits="1" branch="true" condition-coverage="100% (2/2)"/>
						<line number="409" hits="1"/>
						<line number="411" hits="1" branch="true" condition-coverage="100% (2/2)"/>
						<line number="412" hits="1"/>
						<line number="414" hits="1"/>
					</lines>
				</class>
			</classes>
		</package>
	</packages>
</coverage>
